{"/home/jhones/Dev/Projects/api-express-template/src/modules/user/use-cases/create-user/create-user-service.ts": {"path":"/home/jhones/Dev/Projects/api-express-template/src/modules/user/use-cases/create-user/create-user-service.ts","statementMap":{"0":{"start":{"line":4,"column":0},"end":{"line":4,"column":85}},"1":{"start":{"line":5,"column":0},"end":{"line":5,"column":45}},"2":{"start":{"line":7,"column":0},"end":{"line":19,"column":null}},"3":{"start":{"line":11,"column":12},"end":{"line":11,"column":28}},"4":{"start":{"line":15,"column":17},"end":{"line":15,"column":55}},"5":{"start":{"line":17,"column":4},"end":{"line":17,"column":null}},"6":{"start":{"line":21,"column":9},"end":{"line":21,"column":26}},"7":{"start":{"line":8,"column":6},"end":{"line":19,"column":null}}},"fnMap":{"0":{"name":"(anonymous_11)","decl":{"start":{"line":9,"column":2},"end":{"line":9,"column":null}},"loc":{"start":{"line":11,"column":43},"end":{"line":12,"column":6}}},"1":{"name":"(anonymous_12)","decl":{"start":{"line":14,"column":8},"end":{"line":14,"column":15}},"loc":{"start":{"line":14,"column":35},"end":{"line":18,"column":null}}}},"branchMap":{},"s":{"0":1,"1":1,"2":1,"3":1,"4":1,"5":1,"6":1,"7":1},"f":{"0":1,"1":1},"b":{}}
}
